# JRE version: OpenJDK Runtime Environment (17.0.10) (build 17.0.10+0--11609105)
# Java VM: OpenJDK 64-Bit Server VM (17.0.10+0--11609105, mixed mode, tiered, compressed oops, compressed class ptrs, g1 gc, windows-amd64)
GC Precious Log:
 CPUs: 12 total, 12 available
 Memory: 16218M
 Large Page Support: Disabled
 NUMA Support: Disabled
 Compressed Oops: Enabled (32-bit)
 Heap Region Size: 1M
 Heap Min Capacity: 256M
 Heap Initial Capacity: 256M
 Heap Max Capacity: 512M
 Pre-touch: Disabled
 Parallel Workers: 10
 Concurrent Workers: 3
 Concurrent Refinement Workers: 10
 Periodic GC: Disabled
Heap:
 garbage-first heap   total 286720K, used 185597K [0x00000000e0000000, 0x0000000100000000)
  region size 1024K, 10 young (10240K), 7 survivors (7168K)
 Metaspace       used 139746K, committed 140544K, reserved 458752K
  class space    used 18110K, committed 18496K, reserved 327680K
GC Heap History (20 events):
Event: 9.362 GC heap before
{Heap before GC invocations=16 (full 0):
 garbage-first heap   total 262144K, used 208974K [0x00000000e0000000, 0x0000000100000000)
  region size 1024K, 112 young (114688K), 13 survivors (13312K)
 Metaspace       used 121814K, committed 122624K, reserved 458752K
  class space    used 16022K, committed 16384K, reserved 327680K
}
Event: 9.368 GC heap after
{Heap after GC invocations=17 (full 0):
 garbage-first heap   total 262144K, used 113561K [0x00000000e0000000, 0x0000000100000000)
  region size 1024K, 11 young (11264K), 11 survivors (11264K)
 Metaspace       used 121814K, committed 122624K, reserved 458752K
  class space    used 16022K, committed 16384K, reserved 327680K
}
Event: 9.603 GC heap before
{Heap before GC invocations=17 (full 0):
 garbage-first heap   total 262144K, used 145305K [0x00000000e0000000, 0x0000000100000000)
  region size 1024K, 43 young (44032K), 11 survivors (11264K)
 Metaspace       used 126566K, committed 127296K, reserved 458752K
  class space    used 16500K, committed 16832K, reserved 327680K
}
Event: 9.607 GC heap after
{Heap after GC invocations=18 (full 0):
 garbage-first heap   total 262144K, used 114500K [0x00000000e0000000, 0x0000000100000000)
  region size 1024K, 6 young (6144K), 6 survivors (6144K)
 Metaspace       used 126566K, committed 127296K, reserved 458752K
  class space    used 16500K, committed 16832K, reserved 327680K
}
Event: 10.438 GC heap before
{Heap before GC invocations=19 (full 0):
 garbage-first heap   total 262144K, used 219972K [0x00000000e0000000, 0x0000000100000000)
  region size 1024K, 106 young (108544K), 6 survivors (6144K)
 Metaspace       used 129835K, committed 130624K, reserved 458752K
  class space    used 16899K, committed 17280K, reserved 327680K
}
Event: 10.445 GC heap after
{Heap after GC invocations=20 (full 0):
 garbage-first heap   total 262144K, used 127184K [0x00000000e0000000, 0x0000000100000000)
  region size 1024K, 14 young (14336K), 14 survivors (14336K)
 Metaspace       used 129835K, committed 130624K, reserved 458752K
  class space    used 16899K, committed 17280K, reserved 327680K
}
Event: 10.509 GC heap before
{Heap before GC invocations=20 (full 0):
 garbage-first heap   total 262144K, used 145616K [0x00000000e0000000, 0x0000000100000000)
  region size 1024K, 32 young (32768K), 14 survivors (14336K)
 Metaspace       used 129837K, committed 130624K, reserved 458752K
  class space    used 16899K, committed 17280K, reserved 327680K
}
Event: 10.516 GC heap after
{Heap after GC invocations=21 (full 0):
 garbage-first heap   total 262144K, used 130911K [0x00000000e0000000, 0x0000000100000000)
  region size 1024K, 6 young (6144K), 6 survivors (6144K)
 Metaspace       used 129837K, committed 130624K, reserved 458752K
  class space    used 16899K, committed 17280K, reserved 327680K
}
Event: 10.817 GC heap before
{Heap before GC invocations=22 (full 0):
 garbage-first heap   total 262144K, used 221023K [0x00000000e0000000, 0x0000000100000000)
  region size 1024K, 78 young (79872K), 6 survivors (6144K)
 Metaspace       used 130030K, committed 130816K, reserved 458752K
  class space    used 16900K, committed 17280K, reserved 327680K
}
Event: 10.825 GC heap after
{Heap after GC invocations=23 (full 0):
 garbage-first heap   total 262144K, used 157316K [0x00000000e0000000, 0x0000000100000000)
  region size 1024K, 10 young (10240K), 10 survivors (10240K)
 Metaspace       used 130030K, committed 130816K, reserved 458752K
  class space    used 16900K, committed 17280K, reserved 327680K
}
Event: 10.829 GC heap before
{Heap before GC invocations=23 (full 0):
 garbage-first heap   total 262144K, used 159364K [0x00000000e0000000, 0x0000000100000000)
  region size 1024K, 12 young (12288K), 10 survivors (10240K)
 Metaspace       used 130030K, committed 130816K, reserved 458752K
  class space    used 16900K, committed 17280K, reserved 327680K
}
Event: 10.833 GC heap after
{Heap after GC invocations=24 (full 0):
 garbage-first heap   total 262144K, used 160528K [0x00000000e0000000, 0x0000000100000000)
  region size 1024K, 2 young (2048K), 2 survivors (2048K)
 Metaspace       used 130030K, committed 130816K, reserved 458752K
  class space    used 16900K, committed 17280K, reserved 327680K
}
Event: 11.059 GC heap before
{Heap before GC invocations=24 (full 0):
 garbage-first heap   total 262144K, used 203536K [0x00000000e0000000, 0x0000000100000000)
  region size 1024K, 46 young (47104K), 2 survivors (2048K)
 Metaspace       used 130483K, committed 131264K, reserved 458752K
  class space    used 16912K, committed 17280K, reserved 327680K
}
Event: 11.063 GC heap after
{Heap after GC invocations=25 (full 0):
 garbage-first heap   total 262144K, used 164569K [0x00000000e0000000, 0x0000000100000000)
  region size 1024K, 6 young (6144K), 6 survivors (6144K)
 Metaspace       used 130483K, committed 131264K, reserved 458752K
  class space    used 16912K, committed 17280K, reserved 327680K
}
Event: 11.520 GC heap before
{Heap before GC invocations=26 (full 0):
 garbage-first heap   total 286720K, used 217817K [0x00000000e0000000, 0x0000000100000000)
  region size 1024K, 51 young (52224K), 6 survivors (6144K)
 Metaspace       used 133403K, committed 134144K, reserved 458752K
  class space    used 17314K, committed 17664K, reserved 327680K
}
Event: 11.523 GC heap after
{Heap after GC invocations=27 (full 0):
 garbage-first heap   total 286720K, used 176488K [0x00000000e0000000, 0x0000000100000000)
  region size 1024K, 6 young (6144K), 6 survivors (6144K)
 Metaspace       used 133403K, committed 134144K, reserved 458752K
  class space    used 17314K, committed 17664K, reserved 327680K
}
Event: 11.617 GC heap before
{Heap before GC invocations=27 (full 0):
 garbage-first heap   total 286720K, used 183656K [0x00000000e0000000, 0x0000000100000000)
  region size 1024K, 14 young (14336K), 6 survivors (6144K)
 Metaspace       used 134076K, committed 134848K, reserved 458752K
  class space    used 17393K, committed 17728K, reserved 327680K
}
Event: 11.619 GC heap after
{Heap after GC invocations=28 (full 0):
 garbage-first heap   total 286720K, used 173275K [0x00000000e0000000, 0x0000000100000000)
  region size 1024K, 1 young (1024K), 1 survivors (1024K)
 Metaspace       used 134076K, committed 134848K, reserved 458752K
  class space    used 17393K, committed 17728K, reserved 327680K
}
Event: 12.164 GC heap before
{Heap before GC invocations=28 (full 0):
 garbage-first heap   total 286720K, used 234715K [0x00000000e0000000, 0x0000000100000000)
  region size 1024K, 57 young (58368K), 1 survivors (1024K)
 Metaspace       used 139690K, committed 140544K, reserved 458752K
  class space    used 18100K, committed 18496K, reserved 327680K
}
Event: 12.167 GC heap after
{Heap after GC invocations=29 (full 0):
 garbage-first heap   total 286720K, used 182525K [0x00000000e0000000, 0x0000000100000000)
  region size 1024K, 7 young (7168K), 7 survivors (7168K)
 Metaspace       used 139690K, committed 140544K, reserved 458752K
  class space    used 18100K, committed 18496K, reserved 327680K
}

