# JRE version: OpenJDK Runtime Environment (17.0.10) (build 17.0.10+0--11609105)
# Java VM: OpenJDK 64-Bit Server VM (17.0.10+0--11609105, mixed mode, tiered, compressed oops, compressed class ptrs, g1 gc, windows-amd64)
GC Precious Log:
 CPUs: 12 total, 12 available
 Memory: 16218M
 Large Page Support: Disabled
 NUMA Support: Disabled
 Compressed Oops: Enabled (32-bit)
 Heap Region Size: 1M
 Heap Min Capacity: 8M
 Heap Initial Capacity: 254M
 Heap Max Capacity: 2G
 Pre-touch: Disabled
 Parallel Workers: 10
 Concurrent Workers: 3
 Concurrent Refinement Workers: 10
 Periodic GC: Disabled
Heap:
 garbage-first heap   total 149504K, used 109039K [0x0000000080000000, 0x0000000100000000)
  region size 1024K, 48 young (49152K), 1 survivors (1024K)
 Metaspace       used 52514K, committed 52992K, reserved 1114112K
  class space    used 7028K, committed 7232K, reserved 1048576K
GC Heap History (20 events):
Event: 2.803 GC heap before
{Heap before GC invocations=6 (full 0):
 garbage-first heap   total 68608K, used 48327K [0x0000000080000000, 0x0000000100000000)
  region size 1024K, 28 young (28672K), 1 survivors (1024K)
 Metaspace       used 30001K, committed 30272K, reserved 1114112K
  class space    used 4006K, committed 4160K, reserved 1048576K
}
Event: 2.805 GC heap after
{Heap after GC invocations=7 (full 0):
 garbage-first heap   total 68608K, used 22102K [0x0000000080000000, 0x0000000100000000)
  region size 1024K, 2 young (2048K), 2 survivors (2048K)
 Metaspace       used 30001K, committed 30272K, reserved 1114112K
  class space    used 4006K, committed 4160K, reserved 1048576K
}
Event: 2.981 GC heap before
{Heap before GC invocations=7 (full 0):
 garbage-first heap   total 68608K, used 43606K [0x0000000080000000, 0x0000000100000000)
  region size 1024K, 17 young (17408K), 2 survivors (2048K)
 Metaspace       used 31645K, committed 32000K, reserved 1114112K
  class space    used 4313K, committed 4480K, reserved 1048576K
}
Event: 2.983 GC heap after
{Heap after GC invocations=8 (full 0):
 garbage-first heap   total 68608K, used 33831K [0x0000000080000000, 0x0000000100000000)
  region size 1024K, 4 young (4096K), 4 survivors (4096K)
 Metaspace       used 31645K, committed 32000K, reserved 1114112K
  class space    used 4313K, committed 4480K, reserved 1048576K
}
Event: 3.006 GC heap before
{Heap before GC invocations=8 (full 0):
 garbage-first heap   total 68608K, used 37927K [0x0000000080000000, 0x0000000100000000)
  region size 1024K, 6 young (6144K), 4 survivors (4096K)
 Metaspace       used 31725K, committed 32064K, reserved 1114112K
  class space    used 4325K, committed 4480K, reserved 1048576K
}
Event: 3.007 GC heap after
{Heap after GC invocations=9 (full 0):
 garbage-first heap   total 95232K, used 37760K [0x0000000080000000, 0x0000000100000000)
  region size 1024K, 1 young (1024K), 1 survivors (1024K)
 Metaspace       used 31725K, committed 32064K, reserved 1114112K
  class space    used 4325K, committed 4480K, reserved 1048576K
}
Event: 3.305 GC heap before
{Heap before GC invocations=9 (full 0):
 garbage-first heap   total 95232K, used 65408K [0x0000000080000000, 0x0000000100000000)
  region size 1024K, 27 young (27648K), 1 survivors (1024K)
 Metaspace       used 35084K, committed 35456K, reserved 1114112K
  class space    used 4859K, committed 5056K, reserved 1048576K
}
Event: 3.306 GC heap after
{Heap after GC invocations=10 (full 0):
 garbage-first heap   total 95232K, used 39803K [0x0000000080000000, 0x0000000100000000)
  region size 1024K, 2 young (2048K), 2 survivors (2048K)
 Metaspace       used 35084K, committed 35456K, reserved 1114112K
  class space    used 4859K, committed 5056K, reserved 1048576K
}
Event: 3.369 GC heap before
{Heap before GC invocations=10 (full 0):
 garbage-first heap   total 95232K, used 44923K [0x0000000080000000, 0x0000000100000000)
  region size 1024K, 9 young (9216K), 2 survivors (2048K)
 Metaspace       used 35815K, committed 36160K, reserved 1114112K
  class space    used 4977K, committed 5184K, reserved 1048576K
}
Event: 3.370 GC heap after
{Heap after GC invocations=11 (full 0):
 garbage-first heap   total 95232K, used 40336K [0x0000000080000000, 0x0000000100000000)
  region size 1024K, 3 young (3072K), 3 survivors (3072K)
 Metaspace       used 35815K, committed 36160K, reserved 1114112K
  class space    used 4977K, committed 5184K, reserved 1048576K
}
Event: 3.745 GC heap before
{Heap before GC invocations=12 (full 0):
 garbage-first heap   total 95232K, used 69008K [0x0000000080000000, 0x0000000100000000)
  region size 1024K, 31 young (31744K), 3 survivors (3072K)
 Metaspace       used 40682K, committed 41088K, reserved 1114112K
  class space    used 5618K, committed 5824K, reserved 1048576K
}
Event: 3.748 GC heap after
{Heap after GC invocations=13 (full 0):
 garbage-first heap   total 95232K, used 42398K [0x0000000080000000, 0x0000000100000000)
  region size 1024K, 4 young (4096K), 4 survivors (4096K)
 Metaspace       used 40682K, committed 41088K, reserved 1114112K
  class space    used 5618K, committed 5824K, reserved 1048576K
}
Event: 3.765 GC heap before
{Heap before GC invocations=13 (full 0):
 garbage-first heap   total 95232K, used 43422K [0x0000000080000000, 0x0000000100000000)
  region size 1024K, 5 young (5120K), 4 survivors (4096K)
 Metaspace       used 40930K, committed 41408K, reserved 1114112K
  class space    used 5632K, committed 5824K, reserved 1048576K
}
Event: 3.768 GC heap after
{Heap after GC invocations=14 (full 0):
 garbage-first heap   total 95232K, used 42667K [0x0000000080000000, 0x0000000100000000)
  region size 1024K, 1 young (1024K), 1 survivors (1024K)
 Metaspace       used 40930K, committed 41408K, reserved 1114112K
  class space    used 5632K, committed 5824K, reserved 1048576K
}
Event: 3.970 GC heap before
{Heap before GC invocations=14 (full 0):
 garbage-first heap   total 95232K, used 69291K [0x0000000080000000, 0x0000000100000000)
  region size 1024K, 28 young (28672K), 1 survivors (1024K)
 Metaspace       used 44476K, committed 44928K, reserved 1114112K
  class space    used 6023K, committed 6208K, reserved 1048576K
}
Event: 3.972 GC heap after
{Heap after GC invocations=15 (full 0):
 garbage-first heap   total 95232K, used 45792K [0x0000000080000000, 0x0000000100000000)
  region size 1024K, 4 young (4096K), 4 survivors (4096K)
 Metaspace       used 44476K, committed 44928K, reserved 1114112K
  class space    used 6023K, committed 6208K, reserved 1048576K
}
Event: 4.252 GC heap before
{Heap before GC invocations=16 (full 0):
 garbage-first heap   total 95232K, used 76512K [0x0000000080000000, 0x0000000100000000)
  region size 1024K, 30 young (30720K), 4 survivors (4096K)
 Metaspace       used 47549K, committed 48000K, reserved 1114112K
  class space    used 6366K, committed 6592K, reserved 1048576K
}
Event: 4.255 GC heap after
{Heap after GC invocations=17 (full 0):
 garbage-first heap   total 149504K, used 47176K [0x0000000080000000, 0x0000000100000000)
  region size 1024K, 3 young (3072K), 3 survivors (3072K)
 Metaspace       used 47549K, committed 48000K, reserved 1114112K
  class space    used 6366K, committed 6592K, reserved 1048576K
}
Event: 4.297 GC heap before
{Heap before GC invocations=17 (full 0):
 garbage-first heap   total 149504K, used 50248K [0x0000000080000000, 0x0000000100000000)
  region size 1024K, 7 young (7168K), 3 survivors (3072K)
 Metaspace       used 47975K, committed 48384K, reserved 1114112K
  class space    used 6440K, committed 6656K, reserved 1048576K
}
Event: 4.299 GC heap after
{Heap after GC invocations=18 (full 0):
 garbage-first heap   total 149504K, used 47599K [0x0000000080000000, 0x0000000100000000)
  region size 1024K, 1 young (1024K), 1 survivors (1024K)
 Metaspace       used 47975K, committed 48384K, reserved 1114112K
  class space    used 6440K, committed 6656K, reserved 1048576K
}

