# JRE version: OpenJDK Runtime Environment (17.0.10) (build 17.0.10+0--11609105)
# Java VM: OpenJDK 64-Bit Server VM (17.0.10+0--11609105, mixed mode, tiered, compressed oops, compressed class ptrs, g1 gc, windows-amd64)
GC Precious Log:
 CPUs: 12 total, 12 available
 Memory: 16218M
 Large Page Support: Disabled
 NUMA Support: Disabled
 Compressed Oops: Enabled (32-bit)
 Heap Region Size: 1M
 Heap Min Capacity: 8M
 Heap Initial Capacity: 254M
 Heap Max Capacity: 2G
 Pre-touch: Disabled
 Parallel Workers: 10
 Concurrent Workers: 3
 Concurrent Refinement Workers: 10
 Periodic GC: Disabled
Heap:
 garbage-first heap   total 260096K, used 123357K [0x0000000080000000, 0x0000000100000000)
  region size 1024K, 7 young (7168K), 7 survivors (7168K)
 Metaspace       used 124965K, committed 125632K, reserved 1179648K
  class space    used 16105K, committed 16384K, reserved 1048576K
GC Heap History (20 events):
Event: 6.706 GC heap after
{Heap after GC invocations=37 (full 0):
 garbage-first heap   total 190464K, used 100590K [0x0000000080000000, 0x0000000100000000)
  region size 1024K, 2 young (2048K), 2 survivors (2048K)
 Metaspace       used 90893K, committed 91520K, reserved 1179648K
  class space    used 12208K, committed 12480K, reserved 1048576K
}
Event: 7.157 GC heap before
{Heap before GC invocations=37 (full 0):
 garbage-first heap   total 190464K, used 154862K [0x0000000080000000, 0x0000000100000000)
  region size 1024K, 55 young (56320K), 2 survivors (2048K)
 Metaspace       used 94548K, committed 95168K, reserved 1179648K
  class space    used 12609K, committed 12864K, reserved 1048576K
}
Event: 7.161 GC heap after
{Heap after GC invocations=38 (full 0):
 garbage-first heap   total 190464K, used 104173K [0x0000000080000000, 0x0000000100000000)
  region size 1024K, 5 young (5120K), 5 survivors (5120K)
 Metaspace       used 94548K, committed 95168K, reserved 1179648K
  class space    used 12609K, committed 12864K, reserved 1048576K
}
Event: 7.693 GC heap before
{Heap before GC invocations=39 (full 0):
 garbage-first heap   total 190464K, used 156397K [0x0000000080000000, 0x0000000100000000)
  region size 1024K, 56 young (57344K), 5 survivors (5120K)
 Metaspace       used 100550K, committed 101248K, reserved 1179648K
  class space    used 13227K, committed 13504K, reserved 1048576K
}
Event: 7.696 GC heap after
{Heap after GC invocations=40 (full 0):
 garbage-first heap   total 190464K, used 107575K [0x0000000080000000, 0x0000000100000000)
  region size 1024K, 4 young (4096K), 4 survivors (4096K)
 Metaspace       used 100550K, committed 101248K, reserved 1179648K
  class space    used 13227K, committed 13504K, reserved 1048576K
}
Event: 7.751 GC heap before
{Heap before GC invocations=40 (full 0):
 garbage-first heap   total 190464K, used 112695K [0x0000000080000000, 0x0000000100000000)
  region size 1024K, 9 young (9216K), 4 survivors (4096K)
 Metaspace       used 101175K, committed 101824K, reserved 1179648K
  class space    used 13323K, committed 13568K, reserved 1048576K
}
Event: 7.754 GC heap after
{Heap after GC invocations=41 (full 0):
 garbage-first heap   total 190464K, used 107754K [0x0000000080000000, 0x0000000100000000)
  region size 1024K, 1 young (1024K), 1 survivors (1024K)
 Metaspace       used 101175K, committed 101824K, reserved 1179648K
  class space    used 13323K, committed 13568K, reserved 1048576K
}
Event: 8.205 GC heap before
{Heap before GC invocations=41 (full 0):
 garbage-first heap   total 190464K, used 156906K [0x0000000080000000, 0x0000000100000000)
  region size 1024K, 49 young (50176K), 1 survivors (1024K)
 Metaspace       used 108452K, committed 109056K, reserved 1179648K
  class space    used 14097K, committed 14336K, reserved 1048576K
}
Event: 8.207 GC heap after
{Heap after GC invocations=42 (full 0):
 garbage-first heap   total 190464K, used 108324K [0x0000000080000000, 0x0000000100000000)
  region size 1024K, 2 young (2048K), 2 survivors (2048K)
 Metaspace       used 108452K, committed 109056K, reserved 1179648K
  class space    used 14097K, committed 14336K, reserved 1048576K
}
Event: 8.673 GC heap before
{Heap before GC invocations=43 (full 0):
 garbage-first heap   total 190464K, used 158500K [0x0000000080000000, 0x0000000100000000)
  region size 1024K, 51 young (52224K), 2 survivors (2048K)
 Metaspace       used 113497K, committed 114112K, reserved 1179648K
  class space    used 14643K, committed 14912K, reserved 1048576K
}
Event: 8.676 GC heap after
{Heap after GC invocations=44 (full 0):
 garbage-first heap   total 190464K, used 111477K [0x0000000080000000, 0x0000000100000000)
  region size 1024K, 5 young (5120K), 5 survivors (5120K)
 Metaspace       used 113497K, committed 114112K, reserved 1179648K
  class space    used 14643K, committed 14912K, reserved 1048576K
}
Event: 8.698 GC heap before
{Heap before GC invocations=44 (full 0):
 garbage-first heap   total 190464K, used 116597K [0x0000000080000000, 0x0000000100000000)
  region size 1024K, 9 young (9216K), 5 survivors (5120K)
 Metaspace       used 113530K, committed 114176K, reserved 1179648K
  class space    used 14643K, committed 14912K, reserved 1048576K
}
Event: 8.700 GC heap after
{Heap after GC invocations=45 (full 0):
 garbage-first heap   total 190464K, used 113513K [0x0000000080000000, 0x0000000100000000)
  region size 1024K, 2 young (2048K), 2 survivors (2048K)
 Metaspace       used 113530K, committed 114176K, reserved 1179648K
  class space    used 14643K, committed 14912K, reserved 1048576K
}
Event: 8.807 GC heap before
{Heap before GC invocations=45 (full 0):
 garbage-first heap   total 190464K, used 158569K [0x0000000080000000, 0x0000000100000000)
  region size 1024K, 46 young (47104K), 2 survivors (2048K)
 Metaspace       used 113731K, committed 114368K, reserved 1179648K
  class space    used 14643K, committed 14912K, reserved 1048576K
}
Event: 8.809 GC heap after
{Heap after GC invocations=46 (full 0):
 garbage-first heap   total 190464K, used 115505K [0x0000000080000000, 0x0000000100000000)
  region size 1024K, 5 young (5120K), 5 survivors (5120K)
 Metaspace       used 113731K, committed 114368K, reserved 1179648K
  class space    used 14643K, committed 14912K, reserved 1048576K
}
Event: 9.292 GC heap before
{Heap before GC invocations=47 (full 0):
 garbage-first heap   total 201728K, used 158513K [0x0000000080000000, 0x0000000100000000)
  region size 1024K, 47 young (48128K), 5 survivors (5120K)
 Metaspace       used 117450K, committed 118080K, reserved 1179648K
  class space    used 15160K, committed 15424K, reserved 1048576K
}
Event: 9.296 GC heap after
{Heap after GC invocations=48 (full 0):
 garbage-first heap   total 201728K, used 119945K [0x0000000080000000, 0x0000000100000000)
  region size 1024K, 5 young (5120K), 5 survivors (5120K)
 Metaspace       used 117450K, committed 118080K, reserved 1179648K
  class space    used 15160K, committed 15424K, reserved 1048576K
}
Event: 9.356 GC heap before
{Heap before GC invocations=48 (full 0):
 garbage-first heap   total 201728K, used 123017K [0x0000000080000000, 0x0000000100000000)
  region size 1024K, 9 young (9216K), 5 survivors (5120K)
 Metaspace       used 118030K, committed 118592K, reserved 1179648K
  class space    used 15233K, committed 15488K, reserved 1048576K
}
Event: 9.358 GC heap after
{Heap after GC invocations=49 (full 0):
 garbage-first heap   total 201728K, used 117944K [0x0000000080000000, 0x0000000100000000)
  region size 1024K, 1 young (1024K), 1 survivors (1024K)
 Metaspace       used 118030K, committed 118592K, reserved 1179648K
  class space    used 15233K, committed 15488K, reserved 1048576K
}
Event: 9.815 GC heap before
{Heap before GC invocations=49 (full 0):
 garbage-first heap   total 201728K, used 167096K [0x0000000080000000, 0x0000000100000000)
  region size 1024K, 49 young (50176K), 1 survivors (1024K)
 Metaspace       used 124965K, committed 125632K, reserved 1179648K
  class space    used 16105K, committed 16384K, reserved 1048576K
}

